[0/2] Re-checking globbed directories...
[1/13] Building C object esp-idf/sysn/CMakeFiles/__idf_sysn.dir/sysn.c.obj
FAILED: esp-idf/sysn/CMakeFiles/__idf_sysn.dir/sysn.c.obj 
/home/micu/.espressif/tools/xtensa-esp32s3-elf/esp-12.2.0_20230208/xtensa-esp32s3-elf/bin/xtensa-esp32s3-elf-gcc -DESP_PLATFORM -DIDF_VER=\"v5.1.2-1-g3b62af741a\" -DSOC_MMU_PAGE_SIZE=CONFIG_MMU_PAGE_SIZE -D_GNU_SOURCE -D_POSIX_READER_WRITER_LOCKS -I/home/micu/esp/mycode/micu_ros_car/build/config -I/home/micu/esp/mycode/micu_ros_car/components/microros/sysn -I/home/micu/esp/mycode/micu_ros_car/components/microros/sysn/include -I/home/micu/esp/esp-idf/components/newlib/platform_include -I/home/micu/esp/esp-idf/components/freertos/FreeRTOS-Kernel/include -I/home/micu/esp/esp-idf/components/freertos/FreeRTOS-Kernel/portable/xtensa/include -I/home/micu/esp/esp-idf/components/freertos/esp_additions/include/freertos -I/home/micu/esp/esp-idf/components/freertos/esp_additions/include -I/home/micu/esp/esp-idf/components/freertos/esp_additions/arch/xtensa/include -I/home/micu/esp/esp-idf/components/esp_hw_support/include -I/home/micu/esp/esp-idf/components/esp_hw_support/include/soc -I/home/micu/esp/esp-idf/components/esp_hw_support/include/soc/esp32s3 -I/home/micu/esp/esp-idf/components/esp_hw_support/port/esp32s3/. -I/home/micu/esp/esp-idf/components/esp_hw_support/port/esp32s3/private_include -I/home/micu/esp/esp-idf/components/heap/include -I/home/micu/esp/esp-idf/components/log/include -I/home/micu/esp/esp-idf/components/soc/include -I/home/micu/esp/esp-idf/components/soc/esp32s3 -I/home/micu/esp/esp-idf/components/soc/esp32s3/include -I/home/micu/esp/esp-idf/components/hal/esp32s3/include -I/home/micu/esp/esp-idf/components/hal/include -I/home/micu/esp/esp-idf/components/hal/platform_port/include -I/home/micu/esp/esp-idf/components/esp_rom/include -I/home/micu/esp/esp-idf/components/esp_rom/include/esp32s3 -I/home/micu/esp/esp-idf/components/esp_rom/esp32s3 -I/home/micu/esp/esp-idf/components/esp_common/include -I/home/micu/esp/esp-idf/components/esp_system/include -I/home/micu/esp/esp-idf/components/esp_system/port/soc -I/home/micu/esp/esp-idf/components/esp_system/port/include/private -I/home/micu/esp/esp-idf/components/xtensa/include -I/home/micu/esp/esp-idf/components/xtensa/esp32s3/include -I/home/micu/esp/esp-idf/components/lwip/include -I/home/micu/esp/esp-idf/components/lwip/include/apps -I/home/micu/esp/esp-idf/components/lwip/include/apps/sntp -I/home/micu/esp/esp-idf/components/lwip/lwip/src/include -I/home/micu/esp/esp-idf/components/lwip/port/include -I/home/micu/esp/esp-idf/components/lwip/port/freertos/include -I/home/micu/esp/esp-idf/components/lwip/port/esp32xx/include -I/home/micu/esp/esp-idf/components/lwip/port/esp32xx/include/arch -I/home/micu/esp/esp-idf/components/esp_timer/include -I/home/micu/esp/mycode/extra_components/micro_ros_espidf_component/network_interfaces -I/home/micu/esp/esp-idf/components/nvs_flash/include -I/home/micu/esp/esp-idf/components/spi_flash/include -I/home/micu/esp/esp-idf/components/esp_partition/include -I/home/micu/esp/esp-idf/components/esp_wifi/include -I/home/micu/esp/esp-idf/components/esp_wifi/wifi_apps/include -I/home/micu/esp/esp-idf/components/esp_event/include -I/home/micu/esp/esp-idf/components/esp_phy/include -I/home/micu/esp/esp-idf/components/esp_phy/esp32s3/include -I/home/micu/esp/esp-idf/components/esp_netif/include -I/home/micu/esp/esp-idf/components/esp_eth/include -I/home/micu/esp/esp-idf/components/driver/include -I/home/micu/esp/esp-idf/components/driver/deprecated -I/home/micu/esp/esp-idf/components/driver/analog_comparator/include -I/home/micu/esp/esp-idf/components/driver/dac/include -I/home/micu/esp/esp-idf/components/driver/gpio/include -I/home/micu/esp/esp-idf/components/driver/gptimer/include -I/home/micu/esp/esp-idf/components/driver/i2c/include -I/home/micu/esp/esp-idf/components/driver/i2s/include -I/home/micu/esp/esp-idf/components/driver/ledc/include -I/home/micu/esp/esp-idf/components/driver/mcpwm/include -I/home/micu/esp/esp-idf/components/driver/parlio/include -I/home/micu/esp/esp-idf/components/driver/pcnt/include -I/home/micu/esp/esp-idf/components/driver/rmt/include -I/home/micu/esp/esp-idf/components/driver/sdio_slave/include -I/home/micu/esp/esp-idf/components/driver/sdmmc/include -I/home/micu/esp/esp-idf/components/driver/sigma_delta/include -I/home/micu/esp/esp-idf/components/driver/spi/include -I/home/micu/esp/esp-idf/components/driver/temperature_sensor/include -I/home/micu/esp/esp-idf/components/driver/touch_sensor/include -I/home/micu/esp/esp-idf/components/driver/twai/include -I/home/micu/esp/esp-idf/components/driver/uart/include -I/home/micu/esp/esp-idf/components/driver/usb_serial_jtag/include -I/home/micu/esp/esp-idf/components/driver/touch_sensor/esp32s3/include -I/home/micu/esp/esp-idf/components/esp_pm/include -I/home/micu/esp/esp-idf/components/esp_ringbuf/include -isystem /home/micu/esp/mycode/extra_components/micro_ros_espidf_component/include -isystem /home/micu/esp/mycode/extra_components/micro_ros_espidf_component/include/action_msgs -isystem /home/micu/esp/mycode/extra_components/micro_ros_espidf_component/include/actionlib_msgs -isystem /home/micu/esp/mycode/extra_components/micro_ros_espidf_component/include/builtin_interfaces -isystem /home/micu/esp/mycode/extra_components/micro_ros_espidf_component/include/composition_interfaces -isystem /home/micu/esp/mycode/extra_components/micro_ros_espidf_component/include/diagnostic_msgs -isystem /home/micu/esp/mycode/extra_components/micro_ros_espidf_component/include/example_interfaces -isystem /home/micu/esp/mycode/extra_components/micro_ros_espidf_component/include/geometry_msgs -isystem /home/micu/esp/mycode/extra_components/micro_ros_espidf_component/include/include -isystem /home/micu/esp/mycode/extra_components/micro_ros_espidf_component/include/lifecycle_msgs -isystem /home/micu/esp/mycode/extra_components/micro_ros_espidf_component/include/micro_ros_msgs -isystem /home/micu/esp/mycode/extra_components/micro_ros_espidf_component/include/micro_ros_utilities -isystem /home/micu/esp/mycode/extra_components/micro_ros_espidf_component/include/nav_msgs -isystem /home/micu/esp/mycode/extra_components/micro_ros_espidf_component/include/rcl -isystem /home/micu/esp/mycode/extra_components/micro_ros_espidf_component/include/rcl_action -isystem /home/micu/esp/mycode/extra_components/micro_ros_espidf_component/include/rcl_interfaces -isystem /home/micu/esp/mycode/extra_components/micro_ros_espidf_component/include/rcl_lifecycle -isystem /home/micu/esp/mycode/extra_components/micro_ros_espidf_component/include/rcl_logging_interface -isystem /home/micu/esp/mycode/extra_components/micro_ros_espidf_component/include/rclc -isystem /home/micu/esp/mycode/extra_components/micro_ros_espidf_component/include/rclc_lifecycle -isystem /home/micu/esp/mycode/extra_components/micro_ros_espidf_component/include/rclc_parameter -isystem /home/micu/esp/mycode/extra_components/micro_ros_espidf_component/include/rcutils -isystem /home/micu/esp/mycode/extra_components/micro_ros_espidf_component/include/rmw -isystem /home/micu/esp/mycode/extra_components/micro_ros_espidf_component/include/rmw_microros -isystem /home/micu/esp/mycode/extra_components/micro_ros_espidf_component/include/rmw_microxrcedds_c -isystem /home/micu/esp/mycode/extra_components/micro_ros_espidf_component/include/rosgraph_msgs -isystem /home/micu/esp/mycode/extra_components/micro_ros_espidf_component/include/rosidl_runtime_c -isystem /home/micu/esp/mycode/extra_components/micro_ros_espidf_component/include/rosidl_typesupport_c -isystem /home/micu/esp/mycode/extra_components/micro_ros_espidf_component/include/rosidl_typesupport_interface -isystem /home/micu/esp/mycode/extra_components/micro_ros_espidf_component/include/rosidl_typesupport_introspection_c -isystem /home/micu/esp/mycode/extra_components/micro_ros_espidf_component/include/rosidl_typesupport_microxrcedds_c -isystem /home/micu/esp/mycode/extra_components/micro_ros_espidf_component/include/sensor_msgs -isystem /home/micu/esp/mycode/extra_components/micro_ros_espidf_component/include/shape_msgs -isystem /home/micu/esp/mycode/extra_components/micro_ros_espidf_component/include/statistics_msgs -isystem /home/micu/esp/mycode/extra_components/micro_ros_espidf_component/include/std_msgs -isystem /home/micu/esp/mycode/extra_components/micro_ros_espidf_component/include/std_srvs -isystem /home/micu/esp/mycode/extra_components/micro_ros_espidf_component/include/stereo_msgs -isystem /home/micu/esp/mycode/extra_components/micro_ros_espidf_component/include/test_msgs -isystem /home/micu/esp/mycode/extra_components/micro_ros_espidf_component/include/tracetools -isystem /home/micu/esp/mycode/extra_components/micro_ros_espidf_component/include/trajectory_msgs -isystem /home/micu/esp/mycode/extra_components/micro_ros_espidf_component/include/ucdr -isystem /home/micu/esp/mycode/extra_components/micro_ros_espidf_component/include/unique_identifier_msgs -isystem /home/micu/esp/mycode/extra_components/micro_ros_espidf_component/include/uxr -isystem /home/micu/esp/mycode/extra_components/micro_ros_espidf_component/include/visualization_msgs -mlongcalls  -ffunction-sections -fdata-sections -Wall -Werror=all -Wno-error=unused-function -Wno-error=unused-variable -Wno-error=unused-but-set-variable -Wno-error=deprecated-declarations -Wextra -Wno-unused-parameter -Wno-sign-compare -Wno-enum-conversion -gdwarf-4 -ggdb -Og -fmacro-prefix-map=/home/micu/esp/mycode/micu_ros_car=. -fmacro-prefix-map=/home/micu/esp/esp-idf=/IDF -fstrict-volatile-bitfields -fno-jump-tables -fno-tree-switch-conversion -DconfigENABLE_FREERTOS_DEBUG_OCDAWARE=1 -std=gnu17 -Wno-old-style-declaration -MD -MT esp-idf/sysn/CMakeFiles/__idf_sysn.dir/sysn.c.obj -MF esp-idf/sysn/CMakeFiles/__idf_sysn.dir/sysn.c.obj.d -o esp-idf/sysn/CMakeFiles/__idf_sysn.dir/sysn.c.obj -c /home/micu/esp/mycode/micu_ros_car/components/microros/sysn/sysn.c
/home/micu/esp/mycode/micu_ros_car/components/microros/sysn/sysn.c: In function 'get_millisecond':
/home/micu/esp/mycode/micu_ros_car/components/microros/sysn/sysn.c:35:29: error: implicit declaration of function 'esp_timer_get_time' [-Werror=implicit-function-declaration]
   35 |     return (unsigned long) (esp_timer_get_time() / 1000ULL);
      |                             ^~~~~~~~~~~~~~~~~~
/home/micu/esp/mycode/micu_ros_car/components/microros/sysn/sysn.c: In function 'sync_time':
/home/micu/esp/mycode/micu_ros_car/components/microros/sysn/sysn.c:14:9: error: unknown type name 'rcl_ret_t'
   14 |         rcl_ret_t temp_rc = fn;                                                            \
      |         ^~~~~~~~~
/home/micu/esp/mycode/micu_ros_car/components/microros/sysn/sysn.c:43:5: note: in expansion of macro 'RCSOFTCHECK'
   43 |     RCSOFTCHECK(rmw_uros_sync_session(10));
      |     ^~~~~~~~~~~
/home/micu/esp/mycode/micu_ros_car/components/microros/sysn/sysn.c:43:17: error: implicit declaration of function 'rmw_uros_sync_session' [-Werror=implicit-function-declaration]
   43 |     RCSOFTCHECK(rmw_uros_sync_session(10));
      |                 ^~~~~~~~~~~~~~~~~~~~~
/home/micu/esp/mycode/micu_ros_car/components/microros/sysn/sysn.c:14:29: note: in definition of macro 'RCSOFTCHECK'
   14 |         rcl_ret_t temp_rc = fn;                                                            \
      |                             ^~
/home/micu/esp/mycode/micu_ros_car/components/microros/sysn/sysn.c:15:25: error: 'RCL_RET_OK' undeclared (first use in this function)
   15 |         if ((temp_rc != RCL_RET_OK))                                                       \
      |                         ^~~~~~~~~~
/home/micu/esp/mycode/micu_ros_car/components/microros/sysn/sysn.c:43:5: note: in expansion of macro 'RCSOFTCHECK'
   43 |     RCSOFTCHECK(rmw_uros_sync_session(10));
      |     ^~~~~~~~~~~
/home/micu/esp/mycode/micu_ros_car/components/microros/sysn/sysn.c:15:25: note: each undeclared identifier is reported only once for each function it appears in
   15 |         if ((temp_rc != RCL_RET_OK))                                                       \
      |                         ^~~~~~~~~~
/home/micu/esp/mycode/micu_ros_car/components/microros/sysn/sysn.c:43:5: note: in expansion of macro 'RCSOFTCHECK'
   43 |     RCSOFTCHECK(rmw_uros_sync_session(10));
      |     ^~~~~~~~~~~
/home/micu/esp/mycode/micu_ros_car/components/microros/sysn/sysn.c:17:13: error: implicit declaration of function 'printf' [-Werror=implicit-function-declaration]
   17 |             printf("Failed status on line %d: %d. Continuing.\n", __LINE__, (int)temp_rc); \
      |             ^~~~~~
/home/micu/esp/mycode/micu_ros_car/components/microros/sysn/sysn.c:43:5: note: in expansion of macro 'RCSOFTCHECK'
   43 |     RCSOFTCHECK(rmw_uros_sync_session(10));
      |     ^~~~~~~~~~~
/home/micu/esp/mycode/micu_ros_car/components/microros/sysn/sysn.c:2:1: note: include '<stdio.h>' or provide a declaration of 'printf'
    1 | #include <sysn.h>
  +++ |+#include <stdio.h>
    2 | 
/home/micu/esp/mycode/micu_ros_car/components/microros/sysn/sysn.c:17:13: warning: incompatible implicit declaration of built-in function 'printf' [-Wbuiltin-declaration-mismatch]
   17 |             printf("Failed status on line %d: %d. Continuing.\n", __LINE__, (int)temp_rc); \
      |             ^~~~~~
/home/micu/esp/mycode/micu_ros_car/components/microros/sysn/sysn.c:43:5: note: in expansion of macro 'RCSOFTCHECK'
   43 |     RCSOFTCHECK(rmw_uros_sync_session(10));
      |     ^~~~~~~~~~~
/home/micu/esp/mycode/micu_ros_car/components/microros/sysn/sysn.c:17:13: note: include '<stdio.h>' or provide a declaration of 'printf'
   17 |             printf("Failed status on line %d: %d. Continuing.\n", __LINE__, (int)temp_rc); \
      |             ^~~~~~
/home/micu/esp/mycode/micu_ros_car/components/microros/sysn/sysn.c:43:5: note: in expansion of macro 'RCSOFTCHECK'
   43 |     RCSOFTCHECK(rmw_uros_sync_session(10));
      |     ^~~~~~~~~~~
/home/micu/esp/mycode/micu_ros_car/components/microros/sysn/sysn.c:44:38: error: implicit declaration of function 'rmw_uros_epoch_millis' [-Werror=implicit-function-declaration]
   44 |     unsigned long long ros_time_ms = rmw_uros_epoch_millis();
      |                                      ^~~~~~~~~~~~~~~~~~~~~
/home/micu/esp/mycode/micu_ros_car/components/microros/sysn/sysn.c: At top level:
/home/micu/esp/mycode/micu_ros_car/components/microros/sysn/sysn.c:50:17: error: return type is an incomplete type
   50 | struct timespec get_timespec(void)
      |                 ^~~~~~~~~~~~
/home/micu/esp/mycode/micu_ros_car/components/microros/sysn/sysn.c:50:17: error: conflicting types for 'get_timespec'; have 'void(void)'
In file included from /home/micu/esp/mycode/micu_ros_car/components/microros/sysn/sysn.c:1:
/home/micu/esp/mycode/micu_ros_car/components/microros/sysn/include/sysn.h:6:17: note: previous declaration of 'get_timespec' with type 'struct timespec(void)'
    6 | struct timespec get_timespec(void);
      |                 ^~~~~~~~~~~~
/home/micu/esp/mycode/micu_ros_car/components/microros/sysn/sysn.c: In function 'get_timespec':
/home/micu/esp/mycode/micu_ros_car/components/microros/sysn/sysn.c:52:12: error: variable 'tp' has initializer but incomplete type
   52 |     struct timespec tp = {0};
      |            ^~~~~~~~
/home/micu/esp/mycode/micu_ros_car/components/microros/sysn/sysn.c:52:27: warning: excess elements in struct initializer
   52 |     struct timespec tp = {0};
      |                           ^
/home/micu/esp/mycode/micu_ros_car/components/microros/sysn/sysn.c:52:27: note: (near initialization for 'tp')
/home/micu/esp/mycode/micu_ros_car/components/microros/sysn/sysn.c:52:21: error: storage size of 'tp' isn't known
   52 |     struct timespec tp = {0};
      |                     ^~
/home/micu/esp/mycode/micu_ros_car/components/microros/sysn/sysn.c:57:12: error: 'return' with a value, in function returning void [-Werror=return-type]
   57 |     return tp;
      |            ^~
/home/micu/esp/mycode/micu_ros_car/components/microros/sysn/sysn.c:50:17: note: declared here
   50 | struct timespec get_timespec(void)
      |                 ^~~~~~~~~~~~
/home/micu/esp/mycode/micu_ros_car/components/microros/sysn/sysn.c:52:21: warning: unused variable 'tp' [-Wunused-variable]
   52 |     struct timespec tp = {0};
      |                     ^~
cc1: some warnings being treated as errors
[2/13] Performing build step for 'bootloader'
[1/1] cd /home/micu/esp/mycode/micu_ros_car/build/bootloader/esp-idf/esptool_py && /home/micu/.espressif/python_env/idf5.1_py3.10_env/bin/python /home/micu/esp/esp-idf/components/partition_table/check_sizes.py --offset 0x8000 bootloader 0x0 /home/micu/esp/mycode/micu_ros_car/build/bootloader/bootloader.bin
Bootloader binary size 0x51b0 bytes. 0x2e50 bytes (36%) free.
ninja: build stopped: subcommand failed.
